<?xml version="1.0" encoding="UTF-8"?>
<testng-results ignored="0" total="2" passed="2" failed="0" skipped="0">
  <reporter-output>
  </reporter-output>
  <suite started-at="2024-06-24T12:05:35 IST" name="Default suite" finished-at="2024-06-24T12:06:02 IST" duration-ms="27422">
    <groups>
    </groups>
    <test started-at="2024-06-24T12:05:35 IST" name="Default test" finished-at="2024-06-24T12:06:02 IST" duration-ms="27422">
      <class name="com.ecom.qa.testcases.HomePageTest">
        <test-method is-config="true" signature="setUp()[pri:0, instance:com.ecom.qa.testcases.HomePageTest@1c7696c6]" started-at="2024-06-24T12:05:35 IST" name="setUp" finished-at="2024-06-24T12:05:47 IST" duration-ms="11914" status="PASS">
          <reporter-output>
          </reporter-output>
        </test-method> <!-- setUp -->
        <test-method signature="validateName()[pri:1, instance:com.ecom.qa.testcases.HomePageTest@1c7696c6]" started-at="2024-06-24T12:05:47 IST" name="validateName" finished-at="2024-06-24T12:05:49 IST" duration-ms="2736" status="PASS">
          <reporter-output>
          </reporter-output>
        </test-method> <!-- validateName -->
        <test-method is-config="true" signature="tearDown()[pri:0, instance:com.ecom.qa.testcases.HomePageTest@1c7696c6]" started-at="2024-06-24T12:05:49 IST" name="tearDown" finished-at="2024-06-24T12:05:50 IST" duration-ms="255" status="PASS">
          <reporter-output>
          </reporter-output>
        </test-method> <!-- tearDown -->
        <test-method is-config="true" signature="setUp()[pri:0, instance:com.ecom.qa.testcases.HomePageTest@1c7696c6]" started-at="2024-06-24T12:05:50 IST" name="setUp" finished-at="2024-06-24T12:05:59 IST" duration-ms="9073" status="PASS">
          <reporter-output>
          </reporter-output>
        </test-method> <!-- setUp -->
        <test-method signature="validateClientName()[pri:2, instance:com.ecom.qa.testcases.HomePageTest@1c7696c6]" started-at="2024-06-24T12:05:59 IST" name="validateClientName" finished-at="2024-06-24T12:06:02 IST" duration-ms="3132" status="PASS">
          <reporter-output>
          </reporter-output>
        </test-method> <!-- validateClientName -->
        <test-method is-config="true" signature="tearDown()[pri:0, instance:com.ecom.qa.testcases.HomePageTest@1c7696c6]" started-at="2024-06-24T12:06:02 IST" name="tearDown" finished-at="2024-06-24T12:06:02 IST" duration-ms="267" status="PASS">
          <reporter-output>
          </reporter-output>
        </test-method> <!-- tearDown -->
      </class> <!-- com.ecom.qa.testcases.HomePageTest -->
    </test> <!-- Default test -->
  </suite> <!-- Default suite -->
</testng-results>
