<?xml version="1.0" encoding="UTF-8"?>
<!-- Generated by org.testng.reporters.JUnitXMLReporter -->
<testsuite ignored="0" hostname="Prakash_Kharat" failures="1" tests="1" name="Surefire test" time="13.039" errors="0" timestamp="2024-06-16T13:22:29 IST">
  <testcase classname="com.ecom.qa.testcases.LoginPageTest" name="loginTest" time="5.493">
    <failure type="java.lang.IllegalArgumentException" message="Keys to send should be a not null CharSequence">
      <![CDATA[java.lang.IllegalArgumentException: Keys to send should be a not null CharSequence
at org.openqa.selenium.remote.RemoteWebElement.sendKeys(RemoteWebElement.java:96)
at org.openqa.selenium.support.pagefactory.internal.LocatingElementHandler.invoke(LocatingElementHandler.java:51)
at jdk.proxy2/jdk.proxy2.$Proxy9.sendKeys(Unknown Source)
at com.ecom.qa.pages.LoginPage.login(LoginPage.java:36)
at com.ecom.qa.testcases.LoginPageTest.loginTest(LoginPageTest.java:28)
at java.base/java.util.ArrayList.forEach(ArrayList.java:1511)
... Removed 36 stack frames]]>
    </failure>
  </testcase> <!-- loginTest -->
</testsuite> <!-- Surefire test -->
