<?xml version="1.0" encoding="UTF-8"?>
<!-- Generated by org.testng.reporters.JUnitXMLReporter -->
<testsuite ignored="1" hostname="Prakash_Kharat" failures="0" tests="2" name="Surefire test" time="26.87" errors="0" timestamp="2024-06-16T20:53:41 IST">
  <testcase classname="com.ecom.qa.testcases.HomePageTest" name="validateName" time="2.216"/>
  <testcase classname="com.ecom.qa.testcases.LoginPageTest" name="loginTest" time="5.231"/>
  <testcase classname="com.ecom.qa.testcases.LoginPageTest" name="validationError" time="0.0">
    <ignored/>
  </testcase> <!-- validationError -->
</testsuite> <!-- Surefire test -->
