<?xml version="1.0" encoding="UTF-8"?>
<testng-results ignored="0" total="2" passed="2" failed="0" skipped="0">
  <reporter-output>
  </reporter-output>
  <suite started-at="2024-06-16T20:53:14 IST" name="Surefire suite" finished-at="2024-06-16T20:53:41 IST" duration-ms="26870">
    <groups>
    </groups>
    <test started-at="2024-06-16T20:53:14 IST" name="Surefire test" finished-at="2024-06-16T20:53:41 IST" duration-ms="26870">
      <class name="com.ecom.qa.testcases.HomePageTest">
        <test-method is-config="true" signature="setUp()[pri:0, instance:com.ecom.qa.testcases.HomePageTest@2f54a33d]" started-at="2024-06-16T20:53:14 IST" name="setUp" finished-at="2024-06-16T20:53:27 IST" duration-ms="12881" status="PASS">
          <reporter-output>
          </reporter-output>
        </test-method> <!-- setUp -->
        <test-method signature="validateName()[pri:0, instance:com.ecom.qa.testcases.HomePageTest@2f54a33d]" started-at="2024-06-16T20:53:27 IST" name="validateName" finished-at="2024-06-16T20:53:29 IST" duration-ms="2216" status="PASS">
          <reporter-output>
          </reporter-output>
        </test-method> <!-- validateName -->
        <test-method is-config="true" signature="tearDown()[pri:0, instance:com.ecom.qa.testcases.HomePageTest@2f54a33d]" started-at="2024-06-16T20:53:29 IST" name="tearDown" finished-at="2024-06-16T20:53:29 IST" duration-ms="340" status="PASS">
          <reporter-output>
          </reporter-output>
        </test-method> <!-- tearDown -->
      </class> <!-- com.ecom.qa.testcases.HomePageTest -->
      <class name="com.ecom.qa.testcases.LoginPageTest">
        <test-method is-config="true" signature="setUp()[pri:0, instance:com.ecom.qa.testcases.LoginPageTest@366647c2]" started-at="2024-06-16T20:53:29 IST" name="setUp" finished-at="2024-06-16T20:53:35 IST" duration-ms="6147" status="PASS">
          <reporter-output>
          </reporter-output>
        </test-method> <!-- setUp -->
        <test-method signature="loginTest()[pri:0, instance:com.ecom.qa.testcases.LoginPageTest@366647c2]" started-at="2024-06-16T20:53:35 IST" name="loginTest" finished-at="2024-06-16T20:53:41 IST" duration-ms="5231" status="PASS">
          <reporter-output>
          </reporter-output>
        </test-method> <!-- loginTest -->
        <test-method is-config="true" signature="tearDown()[pri:0, instance:com.ecom.qa.testcases.LoginPageTest@366647c2]" started-at="2024-06-16T20:53:41 IST" name="tearDown" finished-at="2024-06-16T20:53:41 IST" duration-ms="0" status="PASS">
          <reporter-output>
          </reporter-output>
        </test-method> <!-- tearDown -->
      </class> <!-- com.ecom.qa.testcases.LoginPageTest -->
    </test> <!-- Surefire test -->
  </suite> <!-- Surefire suite -->
</testng-results>
